<?xml version="1.0" encoding="UTF-8"?>
<testng-results skipped="0" failed="0" ignored="0" total="2" passed="2">
  <reporter-output>
  </reporter-output>
  <suite name="Suite" duration-ms="37345" started-at="2019-02-24T10:35:16Z" finished-at="2019-02-24T10:35:53Z">
    <groups>
    </groups>
    <test name="Test" duration-ms="37345" started-at="2019-02-24T10:35:16Z" finished-at="2019-02-24T10:35:53Z">
      <class name="testPackage.TestRunner">
        <test-method status="PASS" signature="beforeSuite()[pri:0, instance:testPackage.TestRunner@675d3402]" name="beforeSuite" is-config="true" duration-ms="9" started-at="2019-02-24T10:35:16Z" finished-at="2019-02-24T10:35:16Z">
          <reporter-output>
          </reporter-output>
        </test-method> <!-- beforeSuite -->
        <test-method status="PASS" signature="beforeTest()[pri:0, instance:testPackage.TestRunner@675d3402]" name="beforeTest" is-config="true" duration-ms="0" started-at="2019-02-24T10:35:16Z" finished-at="2019-02-24T10:35:16Z">
          <reporter-output>
          </reporter-output>
        </test-method> <!-- beforeTest -->
        <test-method status="PASS" signature="beforeClass()[pri:0, instance:testPackage.TestRunner@675d3402]" name="beforeClass" is-config="true" duration-ms="0" started-at="2019-02-24T10:35:16Z" finished-at="2019-02-24T10:35:16Z">
          <reporter-output>
          </reporter-output>
        </test-method> <!-- beforeClass -->
        <test-method status="PASS" signature="beforeMethod(java.lang.String)[pri:0, instance:testPackage.TestRunner@675d3402]" name="beforeMethod" is-config="true" duration-ms="7885" started-at="2019-02-24T10:35:16Z" finished-at="2019-02-24T10:35:24Z">
          <params>
            <param index="0">
              <value>
                <![CDATA[chrome]]>
              </value>
            </param>
          </params>
          <reporter-output>
          </reporter-output>
        </test-method> <!-- beforeMethod -->
        <test-method status="PASS" signature="testCase01(java.lang.String, java.lang.String)[pri:0, instance:testPackage.TestRunner@675d3402]" name="testCase01" duration-ms="7793" started-at="2019-02-24T10:35:24Z" finished-at="2019-02-24T10:35:31Z">
          <params>
            <param index="0">
              <value>
                <![CDATA[John Doe]]>
              </value>
            </param>
            <param index="1">
              <value>
                <![CDATA[ThisIsNotAPassword]]>
              </value>
            </param>
          </params>
          <reporter-output>
          </reporter-output>
        </test-method> <!-- testCase01 -->
        <test-method status="PASS" signature="afterMethod()[pri:0, instance:testPackage.TestRunner@675d3402]" name="afterMethod" is-config="true" duration-ms="727" started-at="2019-02-24T10:35:31Z" finished-at="2019-02-24T10:35:32Z">
          <reporter-output>
          </reporter-output>
        </test-method> <!-- afterMethod -->
        <test-method status="PASS" signature="beforeMethod(java.lang.String)[pri:0, instance:testPackage.TestRunner@675d3402]" name="beforeMethod" is-config="true" duration-ms="7283" started-at="2019-02-24T10:35:32Z" finished-at="2019-02-24T10:35:39Z">
          <params>
            <param index="0">
              <value>
                <![CDATA[chrome]]>
              </value>
            </param>
          </params>
          <reporter-output>
          </reporter-output>
        </test-method> <!-- beforeMethod -->
        <test-method status="PASS" signature="testCase02(java.lang.String, java.lang.String)[pri:0, instance:testPackage.TestRunner@675d3402]" name="testCase02" duration-ms="12933" started-at="2019-02-24T10:35:39Z" finished-at="2019-02-24T10:35:52Z">
          <params>
            <param index="0">
              <value>
                <![CDATA[John Doe]]>
              </value>
            </param>
            <param index="1">
              <value>
                <![CDATA[ThisIsNotAPassword]]>
              </value>
            </param>
          </params>
          <reporter-output>
          </reporter-output>
        </test-method> <!-- testCase02 -->
        <test-method status="PASS" signature="afterMethod()[pri:0, instance:testPackage.TestRunner@675d3402]" name="afterMethod" is-config="true" duration-ms="700" started-at="2019-02-24T10:35:52Z" finished-at="2019-02-24T10:35:53Z">
          <reporter-output>
          </reporter-output>
        </test-method> <!-- afterMethod -->
        <test-method status="PASS" signature="afterClass()[pri:0, instance:testPackage.TestRunner@675d3402]" name="afterClass" is-config="true" duration-ms="0" started-at="2019-02-24T10:35:53Z" finished-at="2019-02-24T10:35:53Z">
          <reporter-output>
          </reporter-output>
        </test-method> <!-- afterClass -->
        <test-method status="PASS" signature="afterTest()[pri:0, instance:testPackage.TestRunner@675d3402]" name="afterTest" is-config="true" duration-ms="0" started-at="2019-02-24T10:35:53Z" finished-at="2019-02-24T10:35:53Z">
          <reporter-output>
          </reporter-output>
        </test-method> <!-- afterTest -->
        <test-method status="PASS" signature="afterSuite()[pri:0, instance:testPackage.TestRunner@675d3402]" name="afterSuite" is-config="true" duration-ms="0" started-at="2019-02-24T10:35:53Z" finished-at="2019-02-24T10:35:53Z">
          <reporter-output>
          </reporter-output>
        </test-method> <!-- afterSuite -->
      </class> <!-- testPackage.TestRunner -->
    </test> <!-- Test -->
  </suite> <!-- Suite -->
</testng-results>
